make all --print-data-base --no-builtin-variables --no-builtin-rules --question
# GNU Make 3.81
# Copyright (C) 2006  Free Software Foundation, Inc.
# This is free software; see the source for copying conditions.
# There is NO warranty; not even for MERCHANTABILITY or FITNESS FOR A
# PARTICULAR PURPOSE.

# This program built for i386-apple-darwin11.3.0
 
make: *** No rule to make target `all'.  Stop.


# Make data base, printed on Wed Jul 13 18:59:43 2022

# Variables

# automatic
<D = $(patsubst %/,%,$(dir $<))
# environment
RUBY_VERSION = ruby-3.0.0
# automatic
?F = $(notdir $?)
# environment
ELECTRON_NO_ATTACH_CONSOLE = 1
# environment
ZSH_TMUX_TERM = screen-256color
# environment
NVM_INC = /Users/ebonlieu/.nvm/versions/node/v16.15.0/include/node
# automatic
?D = $(patsubst %/,%,$(dir $?))
# environment
rvm_path = /Users/ebonlieu/.rvm
# automatic
@D = $(patsubst %/,%,$(dir $@))
# automatic
@F = $(notdir $@)
# makefile
CURDIR := /Users/ebonlieu/go/src/github.com/koyeb/pulumi-koyeb
# makefile (from `Makefile', line 3)
SHELL := /bin/bash
# environment
VSCODE_NLS_CONFIG = {"locale":"en-us","availableLanguages":{},"_languagePackSupport":true}
# environment
_ = /usr/bin/make
# environment
VSCODE_PID = 98115
# makefile (from `Makefile', line 9)
PROVIDER_PATH := provider
# environment
STARSHIP_SESSION_KEY = 1771319425194445
# makefile (from `Makefile', line 16)
TESTPARALLELISM := 4
# environment
VSCODE_AMD_ENTRYPOINT = vs/workbench/api/node/extensionHostProcess
# environment
rvm_ruby_mode = 
# environment
rvm_ruby_make = 
# makefile (from `Makefile', line 14)
VERSION := 0.0.1-alpha.1657310290+f4c56f64.dirty
# makefile (from `Makefile', line 21)
EMPTY_TO_AVOID_SED := ""
# environment
__CFBundleIdentifier = com.microsoft.VSCode
# environment
rvm_proxy = 
# environment
VSCODE_CWD = /Users/ebonlieu/go/src/github.com/koyeb/pulumi-koyeb
# environment
GOPROXY = https://proxy.golang.org,direct
# environment
rvm_pretty_print_flag = 
# environment
PATH = /usr/local/opt/go/libexec/bin:/Users/ebonlieu/.rvm/gems/ruby-3.0.0/bin:/Users/ebonlieu/.rvm/gems/ruby-3.0.0@global/bin:/Users/ebonlieu/.rvm/rubies/ruby-3.0.0/bin:/usr/local/opt/mysql-client/bin:/usr/local/opt/python@3.8/bin:/Users/ebonlieu/.yarn/bin:/Users/ebonlieu/.config/yarn/global/node_modules/.bin:/Users/ebonlieu/.yarn/bin:/Users/ebonlieu/.config/yarn/global/node_modules/.bin:/usr/local/sbin:/Users/ebonlieu/.nvm/versions/node/v16.15.0/bin:/usr/local/bin:/usr/bin:/bin:/usr/sbin:/sbin:/Applications/Wireshark.app/Contents/MacOS:/Users/ebonlieu/.cargo/bin:/Users/ebonlieu/.yarn/bin:/Users/ebonlieu/dev/go/bin:/usr/local/opt/gnu-sed/libexec/gnubin:/usr/local/Caskroom/google-cloud-sdk/latest/google-cloud-sdk/bin:/Users/ebonlieu/.rvm/bin
# environment
GOROOT = /usr/local/opt/go/libexec
# environment
LSCOLORS = Gxfxcxdxbxegedabagacad
# environment
rvm_niceness = 
# makefile (from `Makefile', line 6)
PROJECT := github.com/koyeb/pulumi-koyeb
# makefile (from `Makefile', line 12)
TFGEN := pulumi-tfgen-koyeb
# makefile (from `Makefile', line 1)
MAKEFILE_LIST :=  Makefile
# environment
FPATH = /Users/ebonlieu/.zsh/completion:/Users/ebonlieu/.oh-my-zsh/plugins/1password:/Users/ebonlieu/.oh-my-zsh/plugins/vscode:/Users/ebonlieu/.oh-my-zsh/plugins/gitignore:/Users/ebonlieu/.oh-my-zsh/plugins/macos:/Users/ebonlieu/.oh-my-zsh/plugins/nvm:/Users/ebonlieu/.oh-my-zsh/plugins/rvm:/Users/ebonlieu/.oh-my-zsh/plugins/emoji:/Users/ebonlieu/.oh-my-zsh/plugins/tmux:/Users/ebonlieu/.oh-my-zsh/plugins/yarn:/Users/ebonlieu/.oh-my-zsh/plugins/node:/Users/ebonlieu/.oh-my-zsh/plugins/jsontools:/Users/ebonlieu/.oh-my-zsh/plugins/history:/Users/ebonlieu/.oh-my-zsh/plugins/iterm2:/Users/ebonlieu/.oh-my-zsh/plugins/golang:/Users/ebonlieu/.oh-my-zsh/plugins/github:/Users/ebonlieu/.oh-my-zsh/plugins/docker:/Users/ebonlieu/.oh-my-zsh/plugins/brew:/Users/ebonlieu/.oh-my-zsh/plugins/ruby:/Users/ebonlieu/.oh-my-zsh/plugins/git:/Users/ebonlieu/.oh-my-zsh/functions:/Users/ebonlieu/.oh-my-zsh/completions:/Users/ebonlieu/.oh-my-zsh/cache/completions:/usr/local/share/zsh/site-functions:/usr/share/zsh/site-functions:/usr/share/zsh/5.8/functions:/scripts/zsh/Completion
# environment
GOPATH = /Users/ebonlieu/dev/go
# environment
NVM_BIN = /Users/ebonlieu/.nvm/versions/node/v16.15.0/bin
# environment
rvm_only_path_flag = 
# environment
rvm_gemstone_package_file = 
# environment
ELECTRON_RUN_AS_NODE = 1
# environment
rvm_alias_expanded = 
# default
.FEATURES := target-specific order-only second-expansion else-if archives jobserver check-symlink
# environment
HOMEBREW_GITHUB_API_TOKEN = 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
# environment
SSH_AUTH_SOCK = /private/tmp/com.apple.launchd.IL92c4jTZR/Listeners
# automatic
%F = $(notdir $%)
# environment
ZSH_TMUX_CONFIG = /Users/ebonlieu/.tmux.conf
# makefile (from `Makefile', line 18)
WORKING_DIR := /Users/ebonlieu/go/src/github.com/koyeb/pulumi-koyeb
# environment
_ZSH_TMUX_FIXED_CONFIG = /Users/ebonlieu/.oh-my-zsh/plugins/tmux/tmux.extra.conf
# environment
rvm_bin_path = /Users/ebonlieu/.rvm/bin
# environment
PWD = /Users/ebonlieu/go/src/github.com/koyeb/pulumi-koyeb
# makefile (from `Makefile', line 10)
VERSION_PATH := provider/pkg/version.Version
# environment
GEM_HOME = /Users/ebonlieu/.rvm/gems/ruby-3.0.0
# environment
rvm_docs_type = 
# environment
rvm_script_name = 
# environment
ORIGINAL_XDG_CURRENT_DESKTOP = undefined
# environment
GOMODCACHE = /Users/ebonlieu/go/pkg/mod
# environment
HOME = /Users/ebonlieu
# default
MAKEFILEPATH = $(shell /usr/bin/xcode-select -print-path 2>/dev/null || echo /Developer)/Makefiles
# environment
VSCODE_CLI = 1
# environment
VSCODE_CODE_CACHE_PATH = /Users/ebonlieu/Library/Application Support/Code/CachedData/b06ae3b2d2dbfe28bca3134cc6be65935cdfea6a
# environment
LOGNAME = ebonlieu
# environment
APPLICATION_INSIGHTS_NO_DIAGNOSTIC_CHANNEL = true
# environment
NVM_CD_FLAGS = -q
# environment
ZSH = /Users/ebonlieu/.oh-my-zsh
# environment
VSCODE_HANDLES_UNCAUGHT_ERRORS = true
# automatic
^D = $(patsubst %/,%,$(dir $^))
# environment
rvm_ruby_bits = 
# environment
GEM_PATH = /Users/ebonlieu/.rvm/gems/ruby-3.0.0:/Users/ebonlieu/.rvm/gems/ruby-3.0.0@global
# environment
XPC_FLAGS = 0x0
# environment
COLORTERM = truecolor
# environment
rvm_ruby_make_install = 
# default
MAKE = $(MAKE_COMMAND)
# environment
LC_TERMINAL = iTerm2
# environment
IRBRC = /Users/ebonlieu/.rvm/rubies/ruby-3.0.0/.irbrc
# environment
SHLVL = 3
# environment
rvm_quiet_flag = 
# default
MAKE_VERSION := 3.81
# environment
USER = ebonlieu
# makefile
.DEFAULT_GOAL := prepare
# default
MAKECMDGOALS := all
# environment
TERM_SESSION_ID = w0t0p0:26E5AF0F-31D4-4E37-B337-8F7960476E48
# makefile (from `Makefile', line 5)
ORG := koyeb
# environment
rvm_version = 1.29.12 (latest)
# environment
LESS = -R
# automatic
%D = $(patsubst %/,%,$(dir $%))
# environment
GITHUB_PASSWORD = 367e604b3609528df6517962c65026e690917586
# default
MAKE_COMMAND := /Library/Developer/CommandLineTools/usr/bin/make
# environment
TERM_PROGRAM = iTerm.app
# default
.VARIABLES := 
# environment
TMPDIR = /var/folders/53/zhxpf2l14lvbd41ms5_44k9c0000gn/T/
# automatic
*F = $(notdir $*)
# makefile (from `Makefile', line 20)
OS := Darwin
# environment
VSCODE_IPC_HOOK = /Users/ebonlieu/Library/Application Support/Code/1.69.1-main.sock
# environment
MallocNanoZone = 0
# makefile
MAKEFLAGS = Rrqp
# makefile (from `Makefile', line 7)
NODE_MODULE_NAME := @pulumi/koyeb
# environment
MFLAGS = -Rrqp
# automatic
*D = $(patsubst %/,%,$(dir $*))
# environment
TERM_PROGRAM_VERSION = 3.4.16
# environment
NVM_DIR = /Users/ebonlieu/.nvm
# environment
XPC_SERVICE_NAME = application.com.microsoft.VSCode.108561156.108561162.E8A0DB0A-C8A8-4FBF-BF64-4DA4DBFB2C38
# environment
LC_TERMINAL_VERSION = 3.4.16
# makefile (from `Makefile', line 4)
PACK := koyeb
# automatic
+D = $(patsubst %/,%,$(dir $+))
# automatic
+F = $(notdir $+)
# environment
ITERM_SESSION_ID = w0t0p0:26E5AF0F-31D4-4E37-B337-8F7960476E48
# environment
rvm_sdk = 
# environment
COLORFGBG = 15;0
# environment
__CF_USER_TEXT_ENCODING = 0x1F5:0x0:0x0
# environment
COMMAND_MODE = unix2003
# environment
GITHUB_USER = edouardb_
# default
MAKEFILES := 
# automatic
<F = $(notdir $<)
# environment
ITERM_PROFILE = Default
# environment
rvm_silent_flag = 
# environment
rvm_gemstone_url = 
# makefile (from `Makefile', line 1)
PROJECT_NAME := koyeb Package
# environment
EDITOR = code
# environment
PAGER = less
# environment
LC_ALL = C
# makefile (from `Makefile', line 13)
PROVIDER := pulumi-resource-koyeb
# environment
rvm_bin_flag = 
# makefile (from `Makefile', line 8)
TF_NAME := koyeb
# automatic
 
^F = $(notdir $^)
# environment
rvm_prefix = /Users/ebonlieu
# default
SUFFIXES := 
# environment
rvm_ruby_file = 
# default
.INCLUDE_DIRS = /usr/local/include
# environment
MAKELEVEL := 0
# environment
LANG = C
# environment
TERM = xterm-256color
# environment
rvm_use_flag = 
# environment
rvm_hook = 
# environment
MY_RUBY_HOME = /Users/ebonlieu/.rvm/rubies/ruby-3.0.0
# environment
STARSHIP_SHELL = zsh
# environment
rvm_nightly_flag = 
# variable set hash-table stats:
# Load=137/1024=13%, Rehash=0, Collisions=16/184=9%

# Pattern-specific Variable Values

# No pattern-specific variable values.

# Directories

# . (device 16777221, inode 108564876): 18 files, no impossibilities.

# 18 files, no impossibilities in 1 directories.

# Implicit Rules

# No implicit rules.

# Files

build_nodejs:: install_plugins tfgen
#  Phony target (prerequisite of .PHONY).
#  Implicit rule search has not been done.
#  File does not exist.
#  File has not been updated.
# makefile (from `Makefile', line 60)
# VERSION := v0.0.1-alpha.1657310290+f4c56f64.dirty
# variable set hash-table stats:
# Load=1/32=3%, Rehash=0, Collisions=0/3=0%
#  commands to execute (from `Makefile', line 62):
	$(WORKING_DIR)/bin/$(TFGEN) nodejs --overlays provider/overlays/nodejs --out sdk/nodejs/
	cd sdk/nodejs/ && \
	yarn install && \
	yarn run tsc && \
	cp -R scripts/ bin && \
	cp ../../README.md ../../LICENSE package.json yarn.lock ./bin/ && \
	sed -i.bak -e "s/\$${VERSION}/$(VERSION)/g" ./bin/package.json
	

cleanup::
#  Phony target (prerequisite of .PHONY).
#  Implicit rule search has not been done.
#  File does not exist.
#  File has not been updated.
#  commands to execute (from `Makefile', line 96):
	rm -r $(WORKING_DIR)/bin
	rm -f provider/cmd/${PROVIDER}/schema.go
	

# Not a target:
all:
#  Command-line target.
#  Implicit rule search has been done.
#  File does not exist.
#  File has not been updated.
# variable set hash-table stats:
# Load=0/32=0%, Rehash=0, Collisions=0/0=0%

.PHONY: development provider build_sdks build_nodejs build_dotnet build_go build_python cleanup
#  Implicit rule search has not been done.
#  Modification time never checked.
#  File has not been updated.

install_nodejs_sdk::
#  Implicit rule search has not been done.
#  Modification time never checked.
#  File has not been updated.
#  commands to execute (from `Makefile', line 120):
	yarn link --cwd $(WORKING_DIR)/sdk/nodejs/bin
	

build_go:: install_plugins tfgen
#  Phony target (prerequisite of .PHONY).
#  Implicit rule search has not been done.
#  File does not exist.
#  File has not been updated.
#  commands to execute (from `Makefile', line 90):
	$(WORKING_DIR)/bin/$(TFGEN) go --overlays provider/overlays/go --out sdk/go/
	

# Not a target:
.SUFFIXES:
#  Implicit rule search has not been done.
#  Modification time never checked.
#  File has not been updated.

# Not a target:
Makefile:
#  Implicit rule search has been done.
#  Last modified 2022-07-13 18:59:05
#  File has been updated.
#  Successfully updated.
# variable set hash-table stats:
# Load=0/32=0%, Rehash=0, Collisions=0/0=0%

test::
#  Implicit rule search has not been done.
#  Modification time never checked.
#  File has not been updated.
#  commands to execute (from `Makefile', line 125):
	cd examples && go test -v -tags=all -parallel ${TESTPARALLELISM} -timeout 2h
	

tfgen:: install_plugins
#  Implicit rule search has not been done.
#  Modification time never checked.
#  File has not been updated.
#  commands to execute (from `Makefile', line 51):
	(cd provider && go build -o $(WORKING_DIR)/bin/${TFGEN} -ldflags "-X ${PROJECT}/${VERSION_PATH}=${VERSION}" ${PROJECT}/${PROVIDER_PATH}/cmd/${TFGEN})
	$(WORKING_DIR)/bin/${TFGEN} schema --out provider/cmd/${PROVIDER}
	(cd provider && VERSION=$(VERSION) go generate cmd/${PROVIDER}/main.go)
	

build_python:: install_plugins tfgen
#  Phony target (prerequisite of .PHONY).
#  Implicit rule search has not been done.
#  File does not exist.
#  File has not been updated.
# makefile (from `Makefile', line 70)
# PYPI_VERSION := 0.0.1a1657310290+dirty
# variable set hash-table stats:
# Load=1/32=3%, Rehash=0, Collisions=0/3=0%
#  commands to execute (from `Makefile', line 72):
	$(WORKING_DIR)/bin/$(TFGEN) python --overlays provider/overlays/python --out sdk/python/
	cd sdk/python/ && \
	cp ../../README.md . && \
	python3 setup.py clean --all 2>/dev/null && \
	rm -rf ./bin/ ../python.bin/ && cp -R . ../python.bin && mv ../python.bin ./bin && \
	sed -i.bak -e 's/^VERSION = .*/VERSION = "$(PYPI_VERSION)"/g' -e 's/^PLUGIN_VERSION = .*/PLUGIN_VERSION = "$(VERSION)"/g' ./bin/setup.py && \
	rm ./bin/setup.py.bak && \
	cd ./bin && python3 setup.py build sdist
	

build:: install_plugins provider build_sdks install_sdks
#  Implicit rule search has not been done.
#  Modification time never checked.
#  File has not been updated.

prepare::
#  Implicit rule search has not been done.
#  Modification time never checked.
#  File has not been updated.
#  commands to execute (from `Makefile', line 24):
	@if test -z "${NAME}"; then echo "NAME not set"; exit 1; fi
	@if test -z "${REPOSITORY}"; then echo "REPOSITORY not set"; exit 1; fi
	@if test ! -d "provider/cmd/pulumi-tfgen-x${EMPTY_TO_AVOID_SED}yz"; then "Project already prepared"; exit 1; fi
	mv "provider/cmd/pulumi-tfgen-x${EMPTY_TO_AVOID_SED}yz" provider/cmd/pulumi-tfgen-${NAME}
	mv "provider/cmd/pulumi-resource-x${EMPTY_TO_AVOID_SED}yz" provider/cmd/pulumi-resource-${NAME}
	if [[ "${OS}" != "Darwin" ]]; then \
	sed -i 's,github.com/pulumi/pulumi-koyeb,${REPOSITORY},g' provider/go.mod; \
	find ./ ! -path './.git/*' -type f -exec sed -i 's/[x]yz/${NAME}/g' {} \; &> /dev/null; \
	fi
	# In MacOS the -i parameter needs an empty string to execute in place.
	if [[ "${OS}" == "Darwin" ]]; then \
	sed -i '' 's,github.com/pulumi/pulumi-koyeb,${REPOSITORY},g' provider/go.mod; \
	find ./ ! -path './.git/*' -type f -exec sed -i '' 's/[x]yz/${NAME}/g' {} \; &> /dev/null; \
	fi
	

install_sdks:: install_dotnet_sdk install_python_sdk install_nodejs_sdk
#  Implicit rule search has not been done.
#  Modification time never checked.
#  File has not been updated.

install_go_sdk::
#  Implicit rule search has not been done.
#  Modification time never checked.
#  File has not been updated.

install_plugins::
#  Implicit rule search has not been done.
#  Modification time never checked.
#  File has not been updated.
#  commands to execute (from `Makefile', line 108):
	[ -x $(shell which pulumi) ] || curl -fsSL https://get.pulumi.com | sh
	pulumi plugin install resource random 4.3.1
	

lint_provider:: provider
#  Implicit rule search has not been done.
#  Modification time never checked.
#  File has not been updated.
#  commands to execute (from `Makefile', line 93):
	cd provider && golangci-lint run -c ../.golangci.yml
	

help::
#  Implicit rule search has not been done.
#  Modification time never checked.
#  File has not been updated.
#  commands to execute (from `Makefile', line 100):
	@grep '^[^.#]\+:\s\+.*#' Makefile | \
	sed "s/\(.\+\):\s*\(.*\) #\s*\(.*\)/`printf "\033[93m"`\1`printf "\033[0m"`	\3 [\2]/" | \
	expand -t20
	

development:: install_plugins provider lint_provider build_sdks install_sdks cleanup
#  Phony target (prerequisite of .PHONY).
#  Implicit rule search has not been done.
#  File does not exist.
#  File has not been updated.

install_python_sdk::
#  Implicit rule search has not been done.
#  Modification time never checked.
#  File has not been updated.

# Not a target:
.DEFAULT:
#  Implicit rule search has not been done.
#  Modification time never checked.
#  File has not been updated.

build_dotnet:: install_plugins tfgen
#  Phony target (prerequisite of .PHONY).
#  Implicit rule search has not been done.
#  File does not exist.
#  File has not been updated.
# makefile (from `Makefile', line 81)
# DOTNET_VERSION := 0.0.1-alpha.1657310290+f4c56f64.dirty
# variable set hash-table stats:
# Load=1/32=3%, Rehash=0, Collisions=0/3=0%
#  commands to execute (from `Makefile', line 83):
	pulumictl get version --language dotnet
	$(WORKING_DIR)/bin/$(TFGEN) dotnet --overlays provider/overlays/dotnet --out sdk/dotnet/
	cd sdk/dotnet/ && \
 
	echo "${DOTNET_VERSION}" >version.txt && \
	dotnet build /p:Version=${DOTNET_VERSION}
	

provider:: tfgen install_plugins
#  Phony target (prerequisite of .PHONY).
#  Implicit rule search has not been done.
#  File does not exist.
#  File has not been updated.
#  commands to execute (from `Makefile', line 56):
	(cd provider && go build -o $(WORKING_DIR)/bin/${PROVIDER} -ldflags "-X ${PROJECT}/${VERSION_PATH}=${VERSION}" ${PROJECT}/${PROVIDER_PATH}/cmd/${PROVIDER})
	

clean::
#  Implicit rule search has not been done.
#  Modification time never checked.
#  File has not been updated.
#  commands to execute (from `Makefile', line 105):
	rm -rf sdk/{dotnet,nodejs,go,python}
	

only_build:: build
#  Implicit rule search has not been done.
#  Modification time never checked.
#  File has not been updated.

build_sdks:: install_plugins provider build_nodejs build_python build_go build_dotnet
#  Phony target (prerequisite of .PHONY).
#  Implicit rule search has not been done.
#  File does not exist.
#  File has not been updated.

install_dotnet_sdk::
#  Implicit rule search has not been done.
#  Modification time never checked.
#  File has not been updated.
#  commands to execute (from `Makefile', line 112):
	mkdir -p $(WORKING_DIR)/nuget
	find . -name '*.nupkg' -print -exec cp -p {} ${WORKING_DIR}/nuget \;
	

# files hash-table stats:
# Load=27/1024=3%, Rehash=0, Collisions=4/107=4%
# VPATH Search Paths

# No `vpath' search paths.

# No general (`VPATH' variable) search path.

# # of strings in strcache: 1
# # of strcache buffers: 1
# strcache size: total = 4096 / max = 4096 / min = 4096 / avg = 4096
# strcache free: total = 4087 / max = 4087 / min = 4087 / avg = 4087

# Finished Make data base on Wed Jul 13 18:59:44 2022

 
